2020-10-11 19:08:40 INFO  Log:36 - *** Executed launchHDPortal test successfully...
2020-10-11 19:08:41 INFO  Log:36 - *** Running test method loginHDPortalWithValidCredentials...
2020-10-11 19:08:41 INFO  Log:36 - HD Portal login page is displayed...
2020-10-11 19:08:58 INFO  Log:36 - Email field is displayed and following email entered as:irfan.ahmed@buddi.co.uk
2020-10-11 19:08:59 INFO  Log:36 - Password field is displayed and password is entered......
2020-10-11 19:08:59 INFO  Log:36 - Login button is clicked......
2020-10-11 19:08:59 INFO  Log:28 - XXXXXXXXXXXXXXXXXXXXXXX             -E---N---D-             XXXXXXXXXXXXXXXXXXXXXX
2020-10-11 19:08:59 INFO  Log:29 - X
2020-10-11 19:08:59 INFO  Log:30 - X
2020-10-11 19:08:59 INFO  Log:36 - *** Executed loginHDPortalWithValidCredentials test successfully...
2020-10-11 19:08:59 INFO  Log:36 - *** Test Suite Login HD Portal ending ***
2020-10-11 19:08:59 INFO  Log:36 - Test started
2020-10-11 19:08:59 INFO  Log:36 - *** Test Suite HD Portal Home Page started ***
2020-10-11 19:08:59 INFO  Log:36 - *** Running test method verifyHelpDeskTitleInHomePage...
2020-10-11 19:09:01 INFO  Log:36 - HelpDesk main title is: Herramienta de gestión (2.2.0)
2020-10-11 19:09:01 INFO  Log:36 - *** Executed verifyHelpDeskTitleInHomePage test successfully...
2020-10-11 19:09:01 INFO  Log:36 - *** Test Suite HD Portal Home Page ending ***
2020-10-11 19:09:01 INFO  Log:36 - Logout link element found and is clicked...
2020-10-11 19:09:01 INFO  Log:36 - Logged out HD portal successfully....
2020-10-11 19:09:06 INFO  Log:36 - Closing browser...
2020-10-11 22:51:35 INFO  WebDriverManager:269 - Please answer the following questionnaire based on your experience with WebDriverManager. Thanks a lot!
2020-10-11 22:51:35 INFO  WebDriverManager:271 - ====> http://tiny.cc/wdm-survey <====
2020-10-11 22:51:36 INFO  WebDriverManager:571 - Using chromedriver 85.0.4183.87 (since Chrome 85 is installed in your machine)
2020-10-11 22:51:38 INFO  WebDriverManager:615 - Exporting webdriver.chrome.driver as C:\Users\irfan\.m2\repository\webdriver\chromedriver\win32\85.0.4183.87\chromedriver.exe
2020-10-11 22:51:53 INFO  Log:36 - Chrome driver instantiated...
2020-10-11 22:51:54 INFO  Log:36 - Web application launched and URL is: https://eagle-test.buddi.co.uk/hd/
2020-10-11 22:51:56 INFO  Log:36 - Implicit wait applied on the driver for 30 seconds
2020-10-11 22:51:56 INFO  Log:36 - Test started
2020-10-11 22:51:56 INFO  Log:36 - *** Test Suite App started ***
2020-10-11 22:51:56 INFO  Log:36 - *** Test Suite App ending ***
2020-10-11 22:51:56 INFO  Log:36 - Directory already exists: C:\Users\irfan\git\colombiasystemautomation\colombiasystemautomation\test-report
2020-10-11 22:51:56 INFO  Log:36 - reportFilepath C:\Users\irfan\git\colombiasystemautomation\colombiasystemautomation\test-report
2020-10-11 22:51:57 INFO  Log:36 - Test started
2020-10-11 22:51:57 INFO  Log:36 - *** Test Suite Login HD Portal started ***
2020-10-11 22:51:57 INFO  Log:36 - *** Running test method launchHDPortal...
2020-10-11 22:51:57 INFO  Log:14 - ****************************************************************************************
2020-10-11 22:51:57 INFO  Log:16 - ****************************************************************************************
2020-10-11 22:51:57 INFO  Log:18 - $$$$$$$$$$$$$$$$$$$$$                 launchHDPortal       $$$$$$$$$$$$$$$$$$$$$$$$$
2020-10-11 22:51:57 INFO  Log:20 - ****************************************************************************************
2020-10-11 22:51:57 INFO  Log:22 - ****************************************************************************************
2020-10-11 22:51:57 INFO  Log:36 - Launched HD portal...
2020-10-11 22:51:57 INFO  Log:28 - XXXXXXXXXXXXXXXXXXXXXXX             -E---N---D-             XXXXXXXXXXXXXXXXXXXXXX
2020-10-11 22:51:57 INFO  Log:29 - X
2020-10-11 22:51:57 INFO  Log:30 - X
2020-10-11 22:51:57 INFO  Log:36 - *** Executed launchHDPortal test successfully...
2020-10-11 22:52:00 INFO  Log:36 - *** Running test method loginHDPortalWithValidCredentials...
2020-10-11 22:52:00 INFO  Log:36 - HD Portal login page is displayed...
2020-10-11 22:52:22 INFO  Log:36 - Email field is displayed and following email entered as:irfan.ahmed@buddi.co.uk
2020-10-11 22:52:22 INFO  Log:36 - Password field is displayed and password is entered......
2020-10-11 22:52:22 INFO  Log:36 - Login button is clicked......
2020-10-11 22:52:22 INFO  Log:28 - XXXXXXXXXXXXXXXXXXXXXXX             -E---N---D-             XXXXXXXXXXXXXXXXXXXXXX
2020-10-11 22:52:22 INFO  Log:29 - X
2020-10-11 22:52:22 INFO  Log:30 - X
2020-10-11 22:52:22 INFO  Log:36 - *** Executed loginHDPortalWithValidCredentials test successfully...
2020-10-11 22:52:22 INFO  Log:36 - *** Test Suite Login HD Portal ending ***
2020-10-11 22:52:25 INFO  Log:36 - Test started
2020-10-11 22:52:25 INFO  Log:36 - *** Test Suite HD Portal Home Page started ***
2020-10-11 22:52:25 INFO  Log:36 - *** Running test method verifyHelpDeskTitleInHomePage...
2020-10-11 22:52:26 INFO  Log:36 - HelpDesk main title is: Herramienta de gestión (2.2.0)
2020-10-11 22:52:26 INFO  Log:36 - *** Executed verifyHelpDeskTitleInHomePage test successfully...
2020-10-11 22:52:26 INFO  Log:36 - *** Test Suite HD Portal Home Page ending ***
2020-10-11 22:52:26 INFO  Log:36 - Logout link element found and is clicked...
2020-10-11 22:52:26 INFO  Log:36 - Logged out HD portal successfully....
2020-10-11 22:52:33 INFO  Log:36 - Closing browser...
2020-10-11 23:16:47 INFO  WebDriverManager:269 - Please answer the following questionnaire based on your experience with WebDriverManager. Thanks a lot!
2020-10-11 23:16:47 INFO  WebDriverManager:271 - ====> http://tiny.cc/wdm-survey <====
2020-10-11 23:16:52 INFO  WebDriverManager:571 - Using chromedriver 85.0.4183.87 (since Chrome 85 is installed in your machine)
2020-10-11 23:16:52 INFO  WebDriverManager:823 - Reading https://chromedriver.storage.googleapis.com/ to seek chromedriver
2020-10-11 23:16:54 INFO  Downloader:124 - Downloading https://chromedriver.storage.googleapis.com/85.0.4183.87/chromedriver_win32.zip
2020-10-11 23:16:58 INFO  Downloader:178 - Extracting binary from compressed file chromedriver_win32.zip
2020-10-11 23:17:02 INFO  WebDriverManager:615 - Exporting webdriver.chrome.driver as C:\WINDOWS\system32\config\systemprofile\.m2\repository\webdriver\chromedriver\win32\85.0.4183.87\chromedriver.exe
2020-10-11 23:17:10 INFO  Log:36 - Chrome driver instantiated...
2020-10-11 23:17:10 INFO  Log:36 - Web application launched and URL is: https://eagle-test.buddi.co.uk/hd/
2020-10-11 23:17:12 INFO  Log:36 - Implicit wait applied on the driver for 30 seconds
2020-10-11 23:17:12 INFO  Log:36 - Test started
2020-10-11 23:17:12 INFO  Log:36 - *** Test Suite App started ***
2020-10-11 23:17:12 INFO  Log:36 - *** Test Suite App ending ***
2020-10-11 23:17:12 INFO  Log:36 - Directory already exists: C:\Users\irfan\git\colombiasystemautomation\colombiasystemautomation\test-report
2020-10-11 23:17:12 INFO  Log:36 - reportFilepath C:\Users\irfan\git\colombiasystemautomation\colombiasystemautomation\test-report
2020-10-11 23:17:13 INFO  Log:36 - Test started
2020-10-11 23:17:13 INFO  Log:36 - *** Test Suite Login HD Portal started ***
2020-10-11 23:17:13 INFO  Log:36 - *** Running test method launchHDPortal...
2020-10-11 23:17:13 INFO  Log:14 - ****************************************************************************************
2020-10-11 23:17:13 INFO  Log:16 - ****************************************************************************************
2020-10-11 23:17:13 INFO  Log:18 - $$$$$$$$$$$$$$$$$$$$$                 launchHDPortal       $$$$$$$$$$$$$$$$$$$$$$$$$
2020-10-11 23:17:13 INFO  Log:20 - ****************************************************************************************
2020-10-11 23:17:13 INFO  Log:22 - ****************************************************************************************
2020-10-11 23:17:13 INFO  Log:36 - Launched HD portal...
2020-10-11 23:17:13 INFO  Log:28 - XXXXXXXXXXXXXXXXXXXXXXX             -E---N---D-             XXXXXXXXXXXXXXXXXXXXXX
2020-10-11 23:17:13 INFO  Log:29 - X
2020-10-11 23:17:13 INFO  Log:30 - X
2020-10-11 23:17:13 INFO  Log:36 - *** Executed launchHDPortal test successfully...
2020-10-11 23:17:14 INFO  Log:36 - *** Running test method loginHDPortalWithValidCredentials...
2020-10-11 23:17:14 INFO  Log:36 - HD Portal login page is displayed...
2020-10-11 23:17:24 INFO  Log:36 - Email field is displayed and following email entered as:irfan.ahmed@buddi.co.uk
2020-10-11 23:17:24 INFO  Log:36 - Password field is displayed and password is entered......
2020-10-11 23:17:24 INFO  Log:36 - Login button is clicked......
2020-10-11 23:17:24 INFO  Log:28 - XXXXXXXXXXXXXXXXXXXXXXX             -E---N---D-             XXXXXXXXXXXXXXXXXXXXXX
2020-10-11 23:17:24 INFO  Log:29 - X
2020-10-11 23:17:24 INFO  Log:30 - X
2020-10-11 23:17:24 INFO  Log:36 - *** Executed loginHDPortalWithValidCredentials test successfully...
2020-10-11 23:17:24 INFO  Log:36 - *** Test Suite Login HD Portal ending ***
2020-10-11 23:17:25 INFO  Log:36 - Test started
2020-10-11 23:17:25 INFO  Log:36 - *** Test Suite HD Portal Home Page started ***
2020-10-11 23:17:25 INFO  Log:36 - *** Running test method verifyHelpDeskTitleInHomePage...
2020-10-11 23:17:28 INFO  Log:36 - HelpDesk main title is: Herramienta de gestión (2.2.0)
2020-10-11 23:17:28 INFO  Log:36 - *** Executed verifyHelpDeskTitleInHomePage test successfully...
2020-10-11 23:17:28 INFO  Log:36 - *** Test Suite HD Portal Home Page ending ***
2020-10-11 23:17:28 INFO  Log:36 - Logout link element found and is clicked...
2020-10-11 23:17:29 INFO  Log:36 - Logged out HD portal successfully....
2020-10-11 23:17:34 INFO  Log:36 - Closing browser...
2020-10-12 10:06:51 INFO  WebDriverManager:269 - Please answer the following questionnaire based on your experience with WebDriverManager. Thanks a lot!
2020-10-12 10:06:51 INFO  WebDriverManager:271 - ====> http://tiny.cc/wdm-survey <====
2020-10-12 10:06:52 INFO  WebDriverManager:571 - Using chromedriver 85.0.4183.87 (since Chrome 85 is installed in your machine)
2020-10-12 10:06:52 INFO  WebDriverManager:615 - Exporting webdriver.chrome.driver as C:\WINDOWS\system32\config\systemprofile\.m2\repository\webdriver\chromedriver\win32\85.0.4183.87\chromedriver.exe
2020-10-12 10:06:57 INFO  Log:36 - Chrome driver instantiated...
2020-10-12 10:06:58 INFO  Log:36 - Web application launched and URL is: https://eagle-test.buddi.co.uk/hd/
2020-10-12 10:07:00 INFO  Log:36 - Implicit wait applied on the driver for 30 seconds
2020-10-12 10:07:00 INFO  Log:36 - Test started
2020-10-12 10:07:00 INFO  Log:36 - *** Test Suite App started ***
2020-10-12 10:07:00 INFO  Log:36 - *** Test Suite App ending ***
2020-10-12 10:07:00 INFO  Log:36 - Directory already exists: C:\Users\irfan\git\colombiasystemautomation\colombiasystemautomation\test-report
2020-10-12 10:07:00 INFO  Log:36 - reportFilepath C:\Users\irfan\git\colombiasystemautomation\colombiasystemautomation\test-report
2020-10-12 10:07:00 INFO  Log:36 - Test started
2020-10-12 10:07:00 INFO  Log:36 - *** Test Suite Login HD Portal started ***
2020-10-12 10:07:00 INFO  Log:36 - *** Running test method launchHDPortal...
2020-10-12 10:07:00 INFO  Log:14 - ****************************************************************************************
2020-10-12 10:07:00 INFO  Log:16 - ****************************************************************************************
2020-10-12 10:07:00 INFO  Log:18 - $$$$$$$$$$$$$$$$$$$$$                 launchHDPortal       $$$$$$$$$$$$$$$$$$$$$$$$$
2020-10-12 10:07:00 INFO  Log:20 - ****************************************************************************************
2020-10-12 10:07:00 INFO  Log:22 - ****************************************************************************************
2020-10-12 10:07:01 INFO  Log:36 - Launched HD portal...
2020-10-12 10:07:01 INFO  Log:28 - XXXXXXXXXXXXXXXXXXXXXXX             -E---N---D-             XXXXXXXXXXXXXXXXXXXXXX
2020-10-12 10:07:01 INFO  Log:29 - X
2020-10-12 10:07:01 INFO  Log:30 - X
2020-10-12 10:07:01 INFO  Log:36 - *** Executed launchHDPortal test successfully...
2020-10-12 10:07:02 INFO  Log:36 - *** Running test method loginHDPortalWithValidCredentials...
2020-10-12 10:07:02 INFO  Log:36 - HD Portal login page is displayed...
2020-10-12 10:07:02 INFO  Log:36 - Email field is displayed and following email entered as:irfan.ahmed@buddi.co.uk
2020-10-12 10:07:02 INFO  Log:36 - Password field is displayed and password is entered......
2020-10-12 10:07:02 INFO  Log:36 - Login button is clicked......
2020-10-12 10:07:02 INFO  Log:28 - XXXXXXXXXXXXXXXXXXXXXXX             -E---N---D-             XXXXXXXXXXXXXXXXXXXXXX
2020-10-12 10:07:02 INFO  Log:29 - X
2020-10-12 10:07:02 INFO  Log:30 - X
2020-10-12 10:07:02 INFO  Log:36 - *** Executed loginHDPortalWithValidCredentials test successfully...
2020-10-12 10:07:02 INFO  Log:36 - *** Test Suite Login HD Portal ending ***
2020-10-12 10:07:02 INFO  Log:36 - Test started
2020-10-12 10:07:02 INFO  Log:36 - *** Test Suite HD Portal Home Page started ***
2020-10-12 10:07:02 INFO  Log:36 - *** Running test method verifyHelpDeskTitleInHomePage...
2020-10-12 10:07:04 INFO  Log:36 - HelpDesk main title is: Herramienta de gestión (2.2.0)
2020-10-12 10:07:04 INFO  Log:36 - *** Executed verifyHelpDeskTitleInHomePage test successfully...
2020-10-12 10:07:04 INFO  Log:36 - *** Test Suite HD Portal Home Page ending ***
2020-10-12 10:07:04 INFO  Log:36 - Logout link element found and is clicked...
2020-10-12 10:07:04 INFO  Log:36 - Logged out HD portal successfully....
2020-10-12 10:07:09 INFO  Log:36 - Closing browser...
